# JRE version: Java(TM) SE Runtime Environment (8.0_131-b11) (build 1.8.0_131-b11)
# Java VM: Java HotSpot(TM) 64-Bit Server VM (25.131-b11 mixed mode windows-amd64 compressed oops)
Heap:
 PSYoungGen      total 69120K, used 17562K [0x00000000eab00000, 0x00000000ef800000, 0x0000000100000000)
  eden space 59392K, 18% used [0x00000000eab00000,0x00000000eb5da398,0x00000000ee500000)
  from space 9728K, 66% used [0x00000000eee80000,0x00000000ef4cc800,0x00000000ef800000)
  to   space 9728K, 0% used [0x00000000ee500000,0x00000000ee500000,0x00000000eee80000)
 ParOldGen       total 38400K, used 17494K [0x00000000c0000000, 0x00000000c2580000, 0x00000000eab00000)
  object space 38400K, 45% used [0x00000000c0000000,0x00000000c1115950,0x00000000c2580000)
 Metaspace       used 6445K, capacity 7288K, committed 7552K, reserved 1056768K
  class space    used 616K, capacity 624K, committed 640K, reserved 1048576K
GC Heap History (10 events):
Event: 6.068 GC heap before
{Heap before GC invocations=2 (full 0):
 PSYoungGen      total 16896K, used 16895K [0x00000000eab00000, 0x00000000ecc00000, 0x0000000100000000)
  eden space 14848K, 100% used [0x00000000eab00000,0x00000000eb980000,0x00000000eb980000)
  from space 2048K, 99% used [0x00000000eb980000,0x00000000ebb7ff40,0x00000000ebb80000)
  to   space 2048K, 0% used [0x00000000eca00000,0x00000000eca00000,0x00000000ecc00000)
 ParOldGen       total 38400K, used 554K [0x00000000c0000000, 0x00000000c2580000, 0x00000000eab00000)
  object space 38400K, 1% used [0x00000000c0000000,0x00000000c008ab68,0x00000000c2580000)
 Metaspace       used 6055K, capacity 6968K, committed 7040K, reserved 1056768K
  class space    used 616K, capacity 624K, committed 640K, reserved 1048576K
Event: 6.177 GC heap after
Heap after GC invocations=2 (full 0):
 PSYoungGen      total 31744K, used 2026K [0x00000000eab00000, 0x00000000ecc00000, 0x0000000100000000)
  eden space 29696K, 0% used [0x00000000eab00000,0x00000000eab00000,0x00000000ec800000)
  from space 2048K, 98% used [0x00000000eca00000,0x00000000ecbfaab8,0x00000000ecc00000)
  to   space 2048K, 0% used [0x00000000ec800000,0x00000000ec800000,0x00000000eca00000)
 ParOldGen       total 38400K, used 2669K [0x00000000c0000000, 0x00000000c2580000, 0x00000000eab00000)
  object space 38400K, 6% used [0x00000000c0000000,0x00000000c029b7f0,0x00000000c2580000)
 Metaspace       used 6055K, capacity 6968K, committed 7040K, reserved 1056768K
  class space    used 616K, capacity 624K, committed 640K, reserved 1048576K
}
Event: 8.331 GC heap before
{Heap before GC invocations=3 (full 0):
 PSYoungGen      total 31744K, used 31722K [0x00000000eab00000, 0x00000000ecc00000, 0x0000000100000000)
  eden space 29696K, 100% used [0x00000000eab00000,0x00000000ec800000,0x00000000ec800000)
  from space 2048K, 98% used [0x00000000eca00000,0x00000000ecbfaab8,0x00000000ecc00000)
  to   space 2048K, 0% used [0x00000000ec800000,0x00000000ec800000,0x00000000eca00000)
 ParOldGen       total 38400K, used 2669K [0x00000000c0000000, 0x00000000c2580000, 0x00000000eab00000)
  object space 38400K, 6% used [0x00000000c0000000,0x00000000c029b7f0,0x00000000c2580000)
 Metaspace       used 6277K, capacity 7160K, committed 7296K, reserved 1056768K
  class space    used 616K, capacity 624K, committed 640K, reserved 1048576K
Event: 8.509 GC heap after
Heap after GC invocations=3 (full 0):
 PSYoungGen      total 31744K, used 2032K [0x00000000eab00000, 0x00000000ecc00000, 0x0000000100000000)
  eden space 29696K, 0% used [0x00000000eab00000,0x00000000eab00000,0x00000000ec800000)
  from space 2048K, 99% used [0x00000000ec800000,0x00000000ec9fc038,0x00000000eca00000)
  to   space 2048K, 0% used [0x00000000eca00000,0x00000000eca00000,0x00000000ecc00000)
 ParOldGen       total 38400K, used 7278K [0x00000000c0000000, 0x00000000c2580000, 0x00000000eab00000)
  object space 38400K, 18% used [0x00000000c0000000,0x00000000c071b8b8,0x00000000c2580000)
 Metaspace       used 6277K, capacity 7160K, committed 7296K, reserved 1056768K
  class space    used 616K, capacity 624K, committed 640K, reserved 1048576K
}
Event: 9.557 GC heap before
{Heap before GC invocations=4 (full 0):
 PSYoungGen      total 31744K, used 31728K [0x00000000eab00000, 0x00000000ecc00000, 0x0000000100000000)
  eden space 29696K, 100% used [0x00000000eab00000,0x00000000ec800000,0x00000000ec800000)
  from space 2048K, 99% used [0x00000000ec800000,0x00000000ec9fc038,0x00000000eca00000)
  to   space 2048K, 0% used [0x00000000eca00000,0x00000000eca00000,0x00000000ecc00000)
 ParOldGen       total 38400K, used 7278K [0x00000000c0000000, 0x00000000c2580000, 0x00000000eab00000)
  object space 38400K, 18% used [0x00000000c0000000,0x00000000c071b8b8,0x00000000c2580000)
 Metaspace       used 6351K, capacity 7224K, committed 7296K, reserved 1056768K
  class space    used 616K, capacity 624K, committed 640K, reserved 1048576K
Event: 9.669 GC heap after
Heap after GC invocations=4 (full 0):
 PSYoungGen      total 31744K, used 2048K [0x00000000eab00000, 0x00000000ee900000, 0x0000000100000000)
  eden space 29696K, 0% used [0x00000000eab00000,0x00000000eab00000,0x00000000ec800000)
  from space 2048K, 100% used [0x00000000eca00000,0x00000000ecc00000,0x00000000ecc00000)
  to   space 2048K, 0% used [0x00000000ec800000,0x00000000ec800000,0x00000000eca00000)
 ParOldGen       total 38400K, used 12422K [0x00000000c0000000, 0x00000000c2580000, 0x00000000eab00000)
  object space 38400K, 32% used [0x00000000c0000000,0x00000000c0c21998,0x00000000c2580000)
 Metaspace       used 6351K, capacity 7224K, committed 7296K, reserved 1056768K
  class space    used 616K, capacity 624K, committed 640K, reserved 1048576K
}
Event: 11.245 GC heap before
{Heap before GC invocations=5 (full 0):
 PSYoungGen      total 31744K, used 31744K [0x00000000eab00000, 0x00000000ee900000, 0x0000000100000000)
  eden space 29696K, 100% used [0x00000000eab00000,0x00000000ec800000,0x00000000ec800000)
  from space 2048K, 100% used [0x00000000eca00000,0x00000000ecc00000,0x00000000ecc00000)
  to   space 2048K, 0% used [0x00000000ec800000,0x00000000ec800000,0x00000000eca00000)
 ParOldGen       total 38400K, used 12422K [0x00000000c0000000, 0x00000000c2580000, 0x00000000eab00000)
  object space 38400K, 32% used [0x00000000c0000000,0x00000000c0c21998,0x00000000c2580000)
 Metaspace       used 6380K, capacity 7224K, committed 7296K, reserved 1056768K
  class space    used 616K, capacity 624K, committed 640K, reserved 1048576K
Event: 11.513 GC heap after
Heap after GC invocations=5 (full 0):
 PSYoungGen      total 31744K, used 2028K [0x00000000eab00000, 0x00000000ef800000, 0x0000000100000000)
  eden space 29696K, 0% used [0x00000000eab00000,0x00000000eab00000,0x00000000ec800000)
  from space 2048K, 99% used [0x00000000ec800000,0x00000000ec9fb080,0x00000000eca00000)
  to   space 9728K, 0% used [0x00000000eee80000,0x00000000eee80000,0x00000000ef800000)
 ParOldGen       total 38400K, used 17494K [0x00000000c0000000, 0x00000000c2580000, 0x00000000eab00000)
  object space 38400K, 45% used [0x00000000c0000000,0x00000000c1115950,0x00000000c2580000)
 Metaspace       used 6380K, capacity 7224K, committed 7296K, reserved 1056768K
  class space    used 616K, capacity 624K, committed 640K, reserved 1048576K
}
Event: 12.393 GC heap before
{Heap before GC invocations=6 (full 0):
 PSYoungGen      total 31744K, used 31724K [0x00000000eab00000, 0x00000000ef800000, 0x0000000100000000)
  eden space 29696K, 100% used [0x00000000eab00000,0x00000000ec800000,0x00000000ec800000)
  from space 2048K, 99% used [0x00000000ec800000,0x00000000ec9fb080,0x00000000eca00000)
  to   space 9728K, 0% used [0x00000000eee80000,0x00000000eee80000,0x00000000ef800000)
 ParOldGen       total 38400K, used 17494K [0x00000000c0000000, 0x00000000c2580000, 0x00000000eab00000)
  object space 38400K, 45% used [0x00000000c0000000,0x00000000c1115950,0x00000000c2580000)
 Metaspace       used 6445K, capacity 7288K, committed 7552K, reserved 1056768K
  class space    used 616K, capacity 624K, committed 640K, reserved 1048576K
Event: 12.724 GC heap after
Heap after GC invocations=6 (full 0):
 PSYoungGen      total 69120K, used 6450K [0x00000000eab00000, 0x00000000ef800000, 0x0000000100000000)
  eden space 59392K, 0% used [0x00000000eab00000,0x00000000eab00000,0x00000000ee500000)
  from space 9728K, 66% used [0x00000000eee80000,0x00000000ef4cc800,0x00000000ef800000)
  to   space 9728K, 0% used [0x00000000ee500000,0x00000000ee500000,0x00000000eee80000)
 ParOldGen       total 38400K, used 17494K [0x00000000c0000000, 0x00000000c2580000, 0x00000000eab00000)
  object space 38400K, 45% used [0x00000000c0000000,0x00000000c1115950,0x00000000c2580000)
 Metaspace       used 6445K, capacity 7288K, committed 7552K, reserved 1056768K
  class space    used 616K, capacity 624K, committed 640K, reserved 1048576K
}

