# JRE version: Java(TM) SE Runtime Environment (8.0_131-b11) (build 1.8.0_131-b11)
# Java VM: Java HotSpot(TM) 64-Bit Server VM (25.131-b11 mixed mode windows-amd64 compressed oops)
Heap:
 PSYoungGen      total 58880K, used 18382K [0x00000000fab00000, 0x0000000100000000, 0x0000000100000000)
  eden space 30208K, 48% used [0x00000000fab00000,0x00000000fb933be8,0x00000000fc880000)
  from space 28672K, 13% used [0x00000000fe400000,0x00000000fe7c0000,0x0000000100000000)
  to   space 28160K, 0% used [0x00000000fc880000,0x00000000fc880000,0x00000000fe400000)
 ParOldGen       total 175104K, used 32596K [0x00000000f0000000, 0x00000000fab00000, 0x00000000fab00000)
  object space 175104K, 18% used [0x00000000f0000000,0x00000000f1fd52b0,0x00000000fab00000)
 Metaspace       used 58408K, capacity 59778K, committed 59904K, reserved 1101824K
  class space    used 7799K, capacity 8117K, committed 8192K, reserved 1048576K
GC Heap History (10 events):
Event: 256.801 GC heap before
{Heap before GC invocations=24 (full 4):
 PSYoungGen      total 58368K, used 496K [0x00000000fab00000, 0x0000000100000000, 0x0000000100000000)
  eden space 29696K, 0% used [0x00000000fab00000,0x00000000fab00000,0x00000000fc800000)
  from space 28672K, 1% used [0x00000000fe400000,0x00000000fe47c010,0x0000000100000000)
  to   space 28672K, 0% used [0x00000000fc800000,0x00000000fc800000,0x00000000fe400000)
 ParOldGen       total 175104K, used 36096K [0x00000000f0000000, 0x00000000fab00000, 0x00000000fab00000)
  object space 175104K, 20% used [0x00000000f0000000,0x00000000f2340258,0x00000000fab00000)
 Metaspace       used 58045K, capacity 59346K, committed 59648K, reserved 1101824K
  class space    used 7794K, capacity 8119K, committed 8192K, reserved 1048576K
Event: 257.168 GC heap after
Heap after GC invocations=24 (full 4):
 PSYoungGen      total 58368K, used 0K [0x00000000fab00000, 0x0000000100000000, 0x0000000100000000)
  eden space 29696K, 0% used [0x00000000fab00000,0x00000000fab00000,0x00000000fc800000)
  from space 28672K, 0% used [0x00000000fe400000,0x00000000fe400000,0x0000000100000000)
  to   space 28672K, 0% used [0x00000000fc800000,0x00000000fc800000,0x00000000fe400000)
 ParOldGen       total 175104K, used 31856K [0x00000000f0000000, 0x00000000fab00000, 0x00000000fab00000)
  object space 175104K, 18% used [0x00000000f0000000,0x00000000f1f1c248,0x00000000fab00000)
 Metaspace       used 57933K, capacity 59168K, committed 59648K, reserved 1101824K
  class space    used 7776K, capacity 8086K, committed 8192K, reserved 1048576K
}
Event: 272.514 GC heap before
{Heap before GC invocations=25 (full 4):
 PSYoungGen      total 58368K, used 29696K [0x00000000fab00000, 0x0000000100000000, 0x0000000100000000)
  eden space 29696K, 100% used [0x00000000fab00000,0x00000000fc800000,0x00000000fc800000)
  from space 28672K, 0% used [0x00000000fe400000,0x00000000fe400000,0x0000000100000000)
  to   space 28672K, 0% used [0x00000000fc800000,0x00000000fc800000,0x00000000fe400000)
 ParOldGen       total 175104K, used 31856K [0x00000000f0000000, 0x00000000fab00000, 0x00000000fab00000)
  object space 175104K, 18% used [0x00000000f0000000,0x00000000f1f1c248,0x00000000fab00000)
 Metaspace       used 58032K, capacity 59332K, committed 59648K, reserved 1101824K
  class space    used 7785K, capacity 8096K, committed 8192K, reserved 1048576K
Event: 272.524 GC heap after
Heap after GC invocations=25 (full 4):
 PSYoungGen      total 58368K, used 1120K [0x00000000fab00000, 0x0000000100000000, 0x0000000100000000)
  eden space 29696K, 0% used [0x00000000fab00000,0x00000000fab00000,0x00000000fc800000)
  from space 28672K, 3% used [0x00000000fc800000,0x00000000fc918000,0x00000000fe400000)
  to   space 28672K, 0% used [0x00000000fe400000,0x00000000fe400000,0x0000000100000000)
 ParOldGen       total 175104K, used 31864K [0x00000000f0000000, 0x00000000fab00000, 0x00000000fab00000)
  object space 175104K, 18% used [0x00000000f0000000,0x00000000f1f1e248,0x00000000fab00000)
 Metaspace       used 58032K, capacity 59332K, committed 59648K, reserved 1101824K
  class space    used 7785K, capacity 8096K, committed 8192K, reserved 1048576K
}
Event: 273.164 GC heap before
{Heap before GC invocations=26 (full 4):
 PSYoungGen      total 58368K, used 30816K [0x00000000fab00000, 0x0000000100000000, 0x0000000100000000)
  eden space 29696K, 100% used [0x00000000fab00000,0x00000000fc800000,0x00000000fc800000)
  from space 28672K, 3% used [0x00000000fc800000,0x00000000fc918000,0x00000000fe400000)
  to   space 28672K, 0% used [0x00000000fe400000,0x00000000fe400000,0x0000000100000000)
 ParOldGen       total 175104K, used 31864K [0x00000000f0000000, 0x00000000fab00000, 0x00000000fab00000)
  object space 175104K, 18% used [0x00000000f0000000,0x00000000f1f1e248,0x00000000fab00000)
 Metaspace       used 58095K, capacity 59460K, committed 59904K, reserved 1101824K
  class space    used 7785K, capacity 8096K, committed 8192K, reserved 1048576K
Event: 273.174 GC heap after
Heap after GC invocations=26 (full 4):
 PSYoungGen      total 58368K, used 1600K [0x00000000fab00000, 0x0000000100000000, 0x0000000100000000)
  eden space 29696K, 0% used [0x00000000fab00000,0x00000000fab00000,0x00000000fc800000)
  from space 28672K, 5% used [0x00000000fe400000,0x00000000fe590000,0x0000000100000000)
  to   space 28672K, 0% used [0x00000000fc800000,0x00000000fc800000,0x00000000fe400000)
 ParOldGen       total 175104K, used 31864K [0x00000000f0000000, 0x00000000fab00000, 0x00000000fab00000)
  object space 175104K, 18% used [0x00000000f0000000,0x00000000f1f1e248,0x00000000fab00000)
 Metaspace       used 58095K, capacity 59460K, committed 59904K, reserved 1101824K
  class space    used 7785K, capacity 8096K, committed 8192K, reserved 1048576K
}
Event: 277.525 GC heap before
{Heap before GC invocations=27 (full 4):
 PSYoungGen      total 58368K, used 31296K [0x00000000fab00000, 0x0000000100000000, 0x0000000100000000)
  eden space 29696K, 100% used [0x00000000fab00000,0x00000000fc800000,0x00000000fc800000)
  from space 28672K, 5% used [0x00000000fe400000,0x00000000fe590000,0x0000000100000000)
  to   space 28672K, 0% used [0x00000000fc800000,0x00000000fc800000,0x00000000fe400000)
 ParOldGen       total 175104K, used 31864K [0x00000000f0000000, 0x00000000fab00000, 0x00000000fab00000)
  object space 175104K, 18% used [0x00000000f0000000,0x00000000f1f1e248,0x00000000fab00000)
 Metaspace       used 58307K, capacity 59642K, committed 59904K, reserved 1101824K
  class space    used 7792K, capacity 8105K, committed 8192K, reserved 1048576K
Event: 277.613 GC heap after
Heap after GC invocations=27 (full 4):
 PSYoungGen      total 58368K, used 3360K [0x00000000fab00000, 0x0000000100000000, 0x0000000100000000)
  eden space 29696K, 0% used [0x00000000fab00000,0x00000000fab00000,0x00000000fc800000)
  from space 28672K, 11% used [0x00000000fc800000,0x00000000fcb48000,0x00000000fe400000)
  to   space 28672K, 0% used [0x00000000fe400000,0x00000000fe400000,0x0000000100000000)
 ParOldGen       total 175104K, used 31872K [0x00000000f0000000, 0x00000000fab00000, 0x00000000fab00000)
  object space 175104K, 18% used [0x00000000f0000000,0x00000000f1f20248,0x00000000fab00000)
 Metaspace       used 58307K, capacity 59642K, committed 59904K, reserved 1101824K
  class space    used 7792K, capacity 8105K, committed 8192K, reserved 1048576K
}
Event: 315.685 GC heap before
{Heap before GC invocations=28 (full 4):
 PSYoungGen      total 58368K, used 33056K [0x00000000fab00000, 0x0000000100000000, 0x0000000100000000)
  eden space 29696K, 100% used [0x00000000fab00000,0x00000000fc800000,0x00000000fc800000)
  from space 28672K, 11% used [0x00000000fc800000,0x00000000fcb48000,0x00000000fe400000)
  to   space 28672K, 0% used [0x00000000fe400000,0x00000000fe400000,0x0000000100000000)
 ParOldGen       total 175104K, used 31872K [0x00000000f0000000, 0x00000000fab00000, 0x00000000fab00000)
  object space 175104K, 18% used [0x00000000f0000000,0x00000000f1f20248,0x00000000fab00000)
 Metaspace       used 58338K, capacity 59654K, committed 59904K, reserved 1101824K
  class space    used 7794K, capacity 8107K, committed 8192K, reserved 1048576K
Event: 317.357 GC heap after
Heap after GC invocations=28 (full 4):
 PSYoungGen      total 58880K, used 3840K [0x00000000fab00000, 0x0000000100000000, 0x0000000100000000)
  eden space 30208K, 0% used [0x00000000fab00000,0x00000000fab00000,0x00000000fc880000)
  from space 28672K, 13% used [0x00000000fe400000,0x00000000fe7c0000,0x0000000100000000)
  to   space 28160K, 0% used [0x00000000fc880000,0x00000000fc880000,0x00000000fe400000)
 ParOldGen       total 175104K, used 32596K [0x00000000f0000000, 0x00000000fab00000, 0x00000000fab00000)
  object space 175104K, 18% used [0x00000000f0000000,0x00000000f1fd52b0,0x00000000fab00000)
 Metaspace       used 58338K, capacity 59654K, committed 59904K, reserved 1101824K
  class space    used 7794K, capacity 8107K, committed 8192K, reserved 1048576K
}

